F:\VS2010PROJECTS\LIBTARPORT\DEBUG\LIBTARPORT.EXE
F:\VS2010PROJECTS\LIBTARPORT\DEBUG\LIBTARPORT.ILK
F:\VS2010PROJECTS\LIBTARPORT\DEBUG\LIBTARPORT.PDB
F:\VS2010PROJECTS\LIBTARPORT\LIBTARPORT\DEBUG\BASENAME.OBJ
F:\VS2010PROJECTS\LIBTARPORT\LIBTARPORT\DEBUG\BB_STRTONUM.OBJ
F:\vs2010projects\libtarport\libtarport\Debug\cl.command.1.tlog
F:\vs2010projects\libtarport\libtarport\Debug\CL.read.1.tlog
F:\vs2010projects\libtarport\libtarport\Debug\CL.write.1.tlog
F:\VS2010PROJECTS\LIBTARPORT\LIBTARPORT\DEBUG\CONCAT_PATH_FILE.OBJ
F:\VS2010PROJECTS\LIBTARPORT\LIBTARPORT\DEBUG\CONCAT_SUBPATH_FILE.OBJ
F:\VS2010PROJECTS\LIBTARPORT\LIBTARPORT\DEBUG\COPYFD.OBJ
F:\VS2010PROJECTS\LIBTARPORT\LIBTARPORT\DEBUG\DATA_ALIGN.OBJ
F:\VS2010PROJECTS\LIBTARPORT\LIBTARPORT\DEBUG\DATA_EXTRACT_ALL.OBJ
F:\VS2010PROJECTS\LIBTARPORT\LIBTARPORT\DEBUG\DATA_SKIP.OBJ
F:\VS2010PROJECTS\LIBTARPORT\LIBTARPORT\DEBUG\DIRENT.OBJ
F:\VS2010PROJECTS\LIBTARPORT\LIBTARPORT\DEBUG\FILTER_ACCEPT_ALL.OBJ
F:\VS2010PROJECTS\LIBTARPORT\LIBTARPORT\DEBUG\FILTER_ACCEPT_REJECT_LIST.OBJ
F:\VS2010PROJECTS\LIBTARPORT\LIBTARPORT\DEBUG\FULL_WRITE.OBJ
F:\VS2010PROJECTS\LIBTARPORT\LIBTARPORT\DEBUG\GET_HEADER_TAR.OBJ
F:\VS2010PROJECTS\LIBTARPORT\LIBTARPORT\DEBUG\HEADER_LIST.OBJ
F:\VS2010PROJECTS\LIBTARPORT\LIBTARPORT\DEBUG\HEADER_SKIP.OBJ
F:\VS2010PROJECTS\LIBTARPORT\LIBTARPORT\DEBUG\HEADER_VERBOS_LIST.OBJ
F:\VS2010PROJECTS\LIBTARPORT\LIBTARPORT\DEBUG\INIT_HANDLE.OBJ
F:\VS2010PROJECTS\LIBTARPORT\LIBTARPORT\DEBUG\LAST_CHAR_IS.OBJ
F:\VS2010PROJECTS\LIBTARPORT\LIBTARPORT\DEBUG\LIBTARPORT.EXE.INTERMEDIATE.MANIFEST
F:\vs2010projects\libtarport\libtarport\Debug\libtarport.vcxprojResolveAssemblyReference.cache
F:\vs2010projects\libtarport\libtarport\Debug\libtarport.write.1.tlog
F:\vs2010projects\libtarport\libtarport\Debug\link.2412.read.1.tlog
F:\vs2010projects\libtarport\libtarport\Debug\link.2412.write.1.tlog
F:\vs2010projects\libtarport\libtarport\Debug\link.3848.read.1.tlog
F:\vs2010projects\libtarport\libtarport\Debug\link.3848.write.1.tlog
F:\vs2010projects\libtarport\libtarport\Debug\link.5012.read.1.tlog
F:\vs2010projects\libtarport\libtarport\Debug\link.5012.write.1.tlog
F:\vs2010projects\libtarport\libtarport\Debug\link.5056.read.1.tlog
F:\vs2010projects\libtarport\libtarport\Debug\link.5056.write.1.tlog
F:\vs2010projects\libtarport\libtarport\Debug\link.5300.read.1.tlog
F:\vs2010projects\libtarport\libtarport\Debug\link.5300.write.1.tlog
F:\vs2010projects\libtarport\libtarport\Debug\link.5340.read.1.tlog
F:\vs2010projects\libtarport\libtarport\Debug\link.5340.write.1.tlog
F:\vs2010projects\libtarport\libtarport\Debug\link.5600.read.1.tlog
F:\vs2010projects\libtarport\libtarport\Debug\link.5600.write.1.tlog
F:\vs2010projects\libtarport\libtarport\Debug\link.6176.read.1.tlog
F:\vs2010projects\libtarport\libtarport\Debug\link.6176.write.1.tlog
F:\vs2010projects\libtarport\libtarport\Debug\link.6400.read.1.tlog
F:\vs2010projects\libtarport\libtarport\Debug\link.6400.write.1.tlog
F:\vs2010projects\libtarport\libtarport\Debug\link.6404.read.1.tlog
F:\vs2010projects\libtarport\libtarport\Debug\link.6404.write.1.tlog
F:\vs2010projects\libtarport\libtarport\Debug\link.6760.read.1.tlog
F:\vs2010projects\libtarport\libtarport\Debug\link.6760.write.1.tlog
F:\vs2010projects\libtarport\libtarport\Debug\link.6800.read.1.tlog
F:\vs2010projects\libtarport\libtarport\Debug\link.6800.write.1.tlog
F:\vs2010projects\libtarport\libtarport\Debug\link.6980.read.1.tlog
F:\vs2010projects\libtarport\libtarport\Debug\link.6980.write.1.tlog
F:\vs2010projects\libtarport\libtarport\Debug\link.7072.read.1.tlog
F:\vs2010projects\libtarport\libtarport\Debug\link.7072.write.1.tlog
F:\vs2010projects\libtarport\libtarport\Debug\link.command.1.tlog
F:\vs2010projects\libtarport\libtarport\Debug\link.read.1.tlog
F:\vs2010projects\libtarport\libtarport\Debug\link.write.1.tlog
F:\VS2010PROJECTS\LIBTARPORT\LIBTARPORT\DEBUG\LLIST.OBJ
F:\VS2010PROJECTS\LIBTARPORT\LIBTARPORT\DEBUG\MAKE_DIRECTORY.OBJ
F:\VS2010PROJECTS\LIBTARPORT\LIBTARPORT\DEBUG\MODE_STRING.OBJ
F:\vs2010projects\libtarport\libtarport\Debug\mt.command.1.tlog
F:\vs2010projects\libtarport\libtarport\Debug\mt.read.1.tlog
F:\vs2010projects\libtarport\libtarport\Debug\mt.write.1.tlog
F:\VS2010PROJECTS\LIBTARPORT\LIBTARPORT\DEBUG\PERROR_MSG.OBJ
F:\VS2010PROJECTS\LIBTARPORT\LIBTARPORT\DEBUG\READ.OBJ
F:\VS2010PROJECTS\LIBTARPORT\LIBTARPORT\DEBUG\RECURSIVE_ACTION.OBJ
F:\VS2010PROJECTS\LIBTARPORT\LIBTARPORT\DEBUG\SAFE_STRNCPY.OBJ
F:\VS2010PROJECTS\LIBTARPORT\LIBTARPORT\DEBUG\SAFE_WRITE.OBJ
F:\VS2010PROJECTS\LIBTARPORT\LIBTARPORT\DEBUG\SEEK_BY_JUMP.OBJ
F:\VS2010PROJECTS\LIBTARPORT\LIBTARPORT\DEBUG\SEEK_BY_READ.OBJ
F:\VS2010PROJECTS\LIBTARPORT\LIBTARPORT\DEBUG\TAR.OBJ
F:\vs2010projects\libtarport\libtarport\Debug\vc100.idb
F:\VS2010PROJECTS\LIBTARPORT\LIBTARPORT\DEBUG\VC100.PDB
F:\VS2010PROJECTS\LIBTARPORT\LIBTARPORT\DEBUG\XFUNCS.OBJ
F:\VS2010PROJECTS\LIBTARPORT\LIBTARPORT\DEBUG\XREADLINK.OBJ
